Traceback (most recent call last):
  File "/usr/lib/python3/dist-packages/colcon_parallel_executor/executor/parallel.py", line 75, in execute
    loop.run_until_complete(future)
  File "/usr/lib/python3.10/asyncio/base_events.py", line 636, in run_until_complete
    self.run_forever()
  File "/usr/lib/python3.10/asyncio/base_events.py", line 603, in run_forever
    self._run_once()
  File "/usr/lib/python3.10/asyncio/base_events.py", line 1871, in _run_once
    event_list = self._selector.select(timeout)
  File "/usr/lib/python3.10/selectors.py", line 469, in select
    fd_event_list = self._selector.poll(timeout, max_ev)
KeyboardInterrupt

During handling of the above exception, another exception occurred:

Traceback (most recent call last):
  File "/usr/lib/python3/dist-packages/colcon_core/executor/__init__.py", line 91, in __call__
    rc = await self.task(*args, **kwargs)
  File "/usr/lib/python3/dist-packages/colcon_core/task/__init__.py", line 93, in __call__
    return await task_method(*args, **kwargs)
  File "/usr/lib/python3/dist-packages/colcon_ros/task/ament_python/build.py", line 102, in build
    return await extension.build(additional_hooks=additional_hooks)
  File "/usr/lib/python3/dist-packages/colcon_core/task/python/build.py", line 90, in build
    available_commands = await self._get_available_commands(
  File "/usr/lib/python3/dist-packages/colcon_core/task/python/build.py", line 188, in _get_available_commands
    output = await check_output(
  File "/usr/lib/python3/dist-packages/colcon_core/subprocess.py", line 129, in check_output
    assert not rc, f'Expected {args} to pass: {stderr_data}'
AssertionError: Expected ['/usr/bin/python3', '-W', 'ignore:setup.py install is deprecated', 'setup.py', '--help-commands'] to pass: Traceback (most recent call last):
  File "/home/rikverhoeven/Documents/coding/ROS_auto_robot/ros2_01_ws/src/py_pubsub/setup.py", line 1, in <module>
    from setuptools import find_packages, setup
  File "/home/rikverhoeven/.local/lib/python3.10/site-packages/setuptools/__init__.py", line 16, in <module>
    import setuptools.version
  File "/home/rikverhoeven/.local/lib/python3.10/site-packages/setuptools/version.py", line 1, in <module>
    import pkg_resources
  File "/home/rikverhoeven/.local/lib/python3.10/site-packages/pkg_resources/__init__.py", line 3243, in <module>
    def _initialize_master_working_set():
  File "/home/rikverhoeven/.local/lib/python3.10/site-packages/pkg_resources/__init__.py", line 3226, in _call_aside
    f(*args, **kwargs)
  File "/home/rikverhoeven/.local/lib/python3.10/site-packages/pkg_resources/__init__.py", line 3278, in _initialize_master_working_set
    list(map(working_set.add_entry, sys.path))
  File "/home/rikverhoeven/.local/lib/python3.10/site-packages/pkg_resources/__init__.py", line 608, in add_entry
    for dist in find_distributions(entry, True):
  File "/home/rikverhoeven/.local/lib/python3.10/site-packages/pkg_resources/__init__.py", line 2063, in find_on_path
    for dist in factory(fullpath):
  File "/home/rikverhoeven/.local/lib/python3.10/site-packages/pkg_resources/__init__.py", line 2128, in distributions_from_metadata
    yield Distribution.from_location(
  File "/home/rikverhoeven/.local/lib/python3.10/site-packages/pkg_resources/__init__.py", line 2591, in from_location
    )._reload_version()
  File "/home/rikverhoeven/.local/lib/python3.10/site-packages/pkg_resources/__init__.py", line 2989, in _reload_version
    md_version = self._get_version()
  File "/home/rikverhoeven/.local/lib/python3.10/site-packages/pkg_resources/__init__.py", line 2770, in _get_version
    version = _version_from_file(lines)
  File "/home/rikverhoeven/.local/lib/python3.10/site-packages/pkg_resources/__init__.py", line 2554, in _version_from_file
    line = next(iter(version_lines), '')
  File "/home/rikverhoeven/.local/lib/python3.10/site-packages/pkg_resources/__init__.py", line 2764, in _get_metadata
    if self.has_metadata(name):
  File "/home/rikverhoeven/.local/lib/python3.10/site-packages/pkg_resources/__init__.py", line 1400, in has_metadata
    path = self._get_metadata_path(name)
  File "/home/rikverhoeven/.local/lib/python3.10/site-packages/pkg_resources/__init__.py", line 1394, in _get_metadata_path
    return self._fn(self.egg_info, name)
  File "/home/rikverhoeven/.local/lib/python3.10/site-packages/pkg_resources/__init__.py", line 1475, in _fn
    return os.path.join(base, *resource_name.split('/'))
  File "/usr/lib/python3.10/posixpath.py", line 76, in join
    a = os.fspath(a)
KeyboardInterrupt

