<?xml version="1.0" encoding="UTF-8"?>
<Site BuildName="(empty)"
	BuildStamp="20240601-1726-Experimental"
	Name="rikverhoeven-N56VM"
	Generator="ctest-3.22.1"
	CompilerName="/usr/bin/c++"
	CompilerVersion="11.4.0"
	OSName="Linux"
	Hostname="rikverhoeven-N56VM"
	OSRelease="6.5.0-35-generic"
	OSVersion="#35~22.04.1-Ubuntu SMP PREEMPT_DYNAMIC Tue May  7 09:00:52 UTC 2"
	OSPlatform="x86_64"
	Is64Bits="1"
	VendorString="GenuineIntel"
	VendorID="Intel Corporation"
	FamilyID="6"
	ModelID="58"
	ProcessorCacheSize="6144"
	NumberOfLogicalCPU="8"
	NumberOfPhysicalCPU="4"
	TotalVirtualMemory="2047"
	TotalPhysicalMemory="7817"
	LogicalProcessorsPerPhysical="2"
	ProcessorClockFrequency="3093.2"
	>
	<Testing>
		<StartDateTime>Jun 01 19:26 CEST</StartDateTime>
		<StartTestTime>1717262805</StartTestTime>
		<TestList>
			<Test>./copyright</Test>
			<Test>./cppcheck</Test>
			<Test>./cpplint</Test>
			<Test>./lint_cmake</Test>
			<Test>./uncrustify</Test>
			<Test>./xmllint</Test>
		</TestList>
		<Test Status="notrun">
			<Name>copyright</Name>
			<Path>.</Path>
			<FullName>./copyright</FullName>
			<FullCommandLine></FullCommandLine>
			<Results>
				<NamedMeasurement type="numeric/double" name="Processors">
					<Value>1</Value>
				</NamedMeasurement>
				<NamedMeasurement type="text/string" name="Completion Status">
					<Value>Failed to change working directory</Value>
				</NamedMeasurement>
				<NamedMeasurement type="text/string" name="Command Line">
					<Value></Value>
				</NamedMeasurement>
				<NamedMeasurement type="text/string" name="Environment">
					<Value></Value>
				</NamedMeasurement>
				<Measurement>
					<Value>Failed to change working directory to /home/rikverhoeven/Documents/coding/ROS_auto_robot/ros2_ws/src/src/examples/rclcpp/services/minimal_client : No such file or directory</Value>
				</Measurement>
			</Results>
			<Labels>
				<Label>copyright</Label>
				<Label>linter</Label>
			</Labels>
		</Test>
		<Test Status="notrun">
			<Name>cppcheck</Name>
			<Path>.</Path>
			<FullName>./cppcheck</FullName>
			<FullCommandLine></FullCommandLine>
			<Results>
				<NamedMeasurement type="numeric/double" name="Processors">
					<Value>1</Value>
				</NamedMeasurement>
				<NamedMeasurement type="text/string" name="Completion Status">
					<Value>Failed to change working directory</Value>
				</NamedMeasurement>
				<NamedMeasurement type="text/string" name="Command Line">
					<Value></Value>
				</NamedMeasurement>
				<NamedMeasurement type="text/string" name="Environment">
					<Value></Value>
				</NamedMeasurement>
				<Measurement>
					<Value>Failed to change working directory to /home/rikverhoeven/Documents/coding/ROS_auto_robot/ros2_ws/src/src/examples/rclcpp/services/minimal_client : No such file or directory</Value>
				</Measurement>
			</Results>
			<Labels>
				<Label>cppcheck</Label>
				<Label>linter</Label>
			</Labels>
		</Test>
		<Test Status="notrun">
			<Name>cpplint</Name>
			<Path>.</Path>
			<FullName>./cpplint</FullName>
			<FullCommandLine></FullCommandLine>
			<Results>
				<NamedMeasurement type="numeric/double" name="Processors">
					<Value>1</Value>
				</NamedMeasurement>
				<NamedMeasurement type="text/string" name="Completion Status">
					<Value>Failed to change working directory</Value>
				</NamedMeasurement>
				<NamedMeasurement type="text/string" name="Command Line">
					<Value></Value>
				</NamedMeasurement>
				<NamedMeasurement type="text/string" name="Environment">
					<Value></Value>
				</NamedMeasurement>
				<Measurement>
					<Value>Failed to change working directory to /home/rikverhoeven/Documents/coding/ROS_auto_robot/ros2_ws/src/src/examples/rclcpp/services/minimal_client : No such file or directory</Value>
				</Measurement>
			</Results>
			<Labels>
				<Label>cpplint</Label>
				<Label>linter</Label>
			</Labels>
		</Test>
		<Test Status="notrun">
			<Name>lint_cmake</Name>
			<Path>.</Path>
			<FullName>./lint_cmake</FullName>
			<FullCommandLine></FullCommandLine>
			<Results>
				<NamedMeasurement type="numeric/double" name="Processors">
					<Value>1</Value>
				</NamedMeasurement>
				<NamedMeasurement type="text/string" name="Completion Status">
					<Value>Failed to change working directory</Value>
				</NamedMeasurement>
				<NamedMeasurement type="text/string" name="Command Line">
					<Value></Value>
				</NamedMeasurement>
				<NamedMeasurement type="text/string" name="Environment">
					<Value></Value>
				</NamedMeasurement>
				<Measurement>
					<Value>Failed to change working directory to /home/rikverhoeven/Documents/coding/ROS_auto_robot/ros2_ws/src/src/examples/rclcpp/services/minimal_client : No such file or directory</Value>
				</Measurement>
			</Results>
			<Labels>
				<Label>lint_cmake</Label>
				<Label>linter</Label>
			</Labels>
		</Test>
		<Test Status="notrun">
			<Name>uncrustify</Name>
			<Path>.</Path>
			<FullName>./uncrustify</FullName>
			<FullCommandLine></FullCommandLine>
			<Results>
				<NamedMeasurement type="numeric/double" name="Processors">
					<Value>1</Value>
				</NamedMeasurement>
				<NamedMeasurement type="text/string" name="Completion Status">
					<Value>Failed to change working directory</Value>
				</NamedMeasurement>
				<NamedMeasurement type="text/string" name="Command Line">
					<Value></Value>
				</NamedMeasurement>
				<NamedMeasurement type="text/string" name="Environment">
					<Value></Value>
				</NamedMeasurement>
				<Measurement>
					<Value>Failed to change working directory to /home/rikverhoeven/Documents/coding/ROS_auto_robot/ros2_ws/src/src/examples/rclcpp/services/minimal_client : No such file or directory</Value>
				</Measurement>
			</Results>
			<Labels>
				<Label>linter</Label>
				<Label>uncrustify</Label>
			</Labels>
		</Test>
		<Test Status="notrun">
			<Name>xmllint</Name>
			<Path>.</Path>
			<FullName>./xmllint</FullName>
			<FullCommandLine></FullCommandLine>
			<Results>
				<NamedMeasurement type="numeric/double" name="Processors">
					<Value>1</Value>
				</NamedMeasurement>
				<NamedMeasurement type="text/string" name="Completion Status">
					<Value>Failed to change working directory</Value>
				</NamedMeasurement>
				<NamedMeasurement type="text/string" name="Command Line">
					<Value></Value>
				</NamedMeasurement>
				<NamedMeasurement type="text/string" name="Environment">
					<Value></Value>
				</NamedMeasurement>
				<Measurement>
					<Value>Failed to change working directory to /home/rikverhoeven/Documents/coding/ROS_auto_robot/ros2_ws/src/src/examples/rclcpp/services/minimal_client : No such file or directory</Value>
				</Measurement>
			</Results>
			<Labels>
				<Label>linter</Label>
				<Label>xmllint</Label>
			</Labels>
		</Test>
		<EndDateTime>Jun 01 19:26 CEST</EndDateTime>
		<EndTestTime>1717262805</EndTestTime>
		<ElapsedMinutes>0</ElapsedMinutes>
	</Testing>
</Site>
