In file included from [01m[K/home/rikverhoeven/Documents/coding/ROS_auto_robot/control_robot_test/serial_motor_demo_ws/build/serial_motor_msgs/rosidl_generator_c/serial_motor_msgs/msg/detail/serial_log__functions.h:19[m[K,
                 from [01m[K/home/rikverhoeven/Documents/coding/ROS_auto_robot/control_robot_test/serial_motor_demo_ws/build/serial_motor_msgs/rosidl_generator_c/serial_motor_msgs/msg/detail/serial_log__functions.c:4[m[K:
[01m[K/home/rikverhoeven/Documents/coding/ROS_auto_robot/control_robot_test/serial_motor_demo_ws/build/serial_motor_msgs/rosidl_generator_c/serial_motor_msgs/msg/detail/serial_log__struct.h:22:10:[m[K [01;31m[Kfatal error: [m[Kserial_motor_msgs/msg/detail/string__struct.h: No such file or directory
   22 | #include [01;31m[K"serial_motor_msgs/msg/detail/string__struct.h"[m[K
      |          [01;31m[K^~~~~~~~~~~~~~~~~~~~~~~~~~~~~~~~~~~~~~~~~~~~~~~[m[K
compilation terminated.
gmake[2]: *** [CMakeFiles/serial_motor_msgs__rosidl_generator_c.dir/build.make:195: CMakeFiles/serial_motor_msgs__rosidl_generator_c.dir/rosidl_generator_c/serial_motor_msgs/msg/detail/serial_log__functions.c.o] Error 1
gmake[1]: *** [CMakeFiles/Makefile2:213: CMakeFiles/serial_motor_msgs__rosidl_generator_c.dir/all] Error 2
gmake[1]: *** Waiting for unfinished jobs....
In file included from [01m[K/home/rikverhoeven/Documents/coding/ROS_auto_robot/control_robot_test/serial_motor_demo_ws/build/serial_motor_msgs/rosidl_typesupport_introspection_cpp/serial_motor_msgs/msg/detail/serial_log__type_support.cpp:12[m[K:
[01m[K/home/rikverhoeven/Documents/coding/ROS_auto_robot/control_robot_test/serial_motor_demo_ws/build/serial_motor_msgs/rosidl_generator_cpp/serial_motor_msgs/msg/detail/serial_log__struct.hpp:20:10:[m[K [01;31m[Kfatal error: [m[Kserial_motor_msgs/msg/detail/string__struct.hpp: No such file or directory
   20 | #include [01;31m[K"serial_motor_msgs/msg/detail/string__struct.hpp"[m[K
      |          [01;31m[K^~~~~~~~~~~~~~~~~~~~~~~~~~~~~~~~~~~~~~~~~~~~~~~~~[m[K
compilation terminated.
gmake[2]: *** [CMakeFiles/serial_motor_msgs__rosidl_typesupport_introspection_cpp.dir/build.make:154: CMakeFiles/serial_motor_msgs__rosidl_typesupport_introspection_cpp.dir/rosidl_typesupport_introspection_cpp/serial_motor_msgs/msg/detail/serial_log__type_support.cpp.o] Error 1
gmake[1]: *** [CMakeFiles/Makefile2:369: CMakeFiles/serial_motor_msgs__rosidl_typesupport_introspection_cpp.dir/all] Error 2
In file included from [01m[K/home/rikverhoeven/Documents/coding/ROS_auto_robot/control_robot_test/serial_motor_demo_ws/build/serial_motor_msgs/rosidl_typesupport_cpp/serial_motor_msgs/msg/serial_log__type_support.cpp:7[m[K:
[01m[K/home/rikverhoeven/Documents/coding/ROS_auto_robot/control_robot_test/serial_motor_demo_ws/build/serial_motor_msgs/rosidl_generator_cpp/serial_motor_msgs/msg/detail/serial_log__struct.hpp:20:10:[m[K [01;31m[Kfatal error: [m[Kserial_motor_msgs/msg/detail/string__struct.hpp: No such file or directory
   20 | #include [01;31m[K"serial_motor_msgs/msg/detail/string__struct.hpp"[m[K
      |          [01;31m[K^~~~~~~~~~~~~~~~~~~~~~~~~~~~~~~~~~~~~~~~~~~~~~~~~[m[K
compilation terminated.
gmake[2]: *** [CMakeFiles/serial_motor_msgs__rosidl_typesupport_cpp.dir/build.make:140: CMakeFiles/serial_motor_msgs__rosidl_typesupport_cpp.dir/rosidl_typesupport_cpp/serial_motor_msgs/msg/serial_log__type_support.cpp.o] Error 1
In file included from [01m[K/home/rikverhoeven/Documents/coding/ROS_auto_robot/control_robot_test/serial_motor_demo_ws/build/serial_motor_msgs/rosidl_typesupport_fastrtps_cpp/serial_motor_msgs/msg/detail/serial_log__rosidl_typesupport_fastrtps_cpp.hpp:11[m[K,
                 from [01m[K/home/rikverhoeven/Documents/coding/ROS_auto_robot/control_robot_test/serial_motor_demo_ws/build/serial_motor_msgs/rosidl_typesupport_fastrtps_cpp/serial_motor_msgs/msg/detail/dds_fastrtps/serial_log__type_support.cpp:4[m[K:
[01m[K/home/rikverhoeven/Documents/coding/ROS_auto_robot/control_robot_test/serial_motor_demo_ws/build/serial_motor_msgs/rosidl_generator_cpp/serial_motor_msgs/msg/detail/serial_log__struct.hpp:20:10:[m[K [01;31m[Kfatal error: [m[Kserial_motor_msgs/msg/detail/string__struct.hpp: No such file or directory
   20 | #include [01;31m[K"serial_motor_msgs/msg/detail/string__struct.hpp"[m[K
      |          [01;31m[K^~~~~~~~~~~~~~~~~~~~~~~~~~~~~~~~~~~~~~~~~~~~~~~~~[m[K
compilation terminated.
gmake[1]: *** [CMakeFiles/Makefile2:395: CMakeFiles/serial_motor_msgs__rosidl_typesupport_cpp.dir/all] Error 2
gmake[2]: *** [CMakeFiles/serial_motor_msgs__rosidl_typesupport_fastrtps_cpp.dir/build.make:154: CMakeFiles/serial_motor_msgs__rosidl_typesupport_fastrtps_cpp.dir/rosidl_typesupport_fastrtps_cpp/serial_motor_msgs/msg/detail/dds_fastrtps/serial_log__type_support.cpp.o] Error 1
gmake[1]: *** [CMakeFiles/Makefile2:343: CMakeFiles/serial_motor_msgs__rosidl_typesupport_fastrtps_cpp.dir/all] Error 2
gmake: *** [Makefile:146: all] Error 2
