[0.071s] Invoking command in '/home/rikverhoeven/Documents/coding/ROS_auto_robot/control_robot_test/serial_motor_demo_ws/build/serial_motor_msgs': CMAKE_PREFIX_PATH=${CMAKE_PREFIX_PATH}:/home/rikverhoeven/Documents/coding/ROS_auto_robot/control_robot_test/serial_motor_demo_ws/install/serial_motor_demo:/home/rikverhoeven/Documents/coding/ROS_auto_robot/ros2_01_ws/install/py_srvcli:/home/rikverhoeven/Documents/coding/ROS_auto_robot/ros2_01_ws/install/py_pubsub:/home/rikverhoeven/Documents/coding/ROS_auto_robot/ros2_01_ws/install/kimbo_control_dc_motor:/opt/ros/humble /usr/bin/cmake /home/rikverhoeven/Documents/coding/ROS_auto_robot/control_robot_test/serial_motor_demo_ws/src/serial_motor_msgs -DCMAKE_INSTALL_PREFIX=/home/rikverhoeven/Documents/coding/ROS_auto_robot/control_robot_test/serial_motor_demo_ws/install/serial_motor_msgs
[0.373s] -- Found ament_cmake: 1.3.8 (/opt/ros/humble/share/ament_cmake/cmake)
[0.723s] -- Override CMake install command with custom implementation using symlinks instead of copying resources
[0.828s] -- Found ament_lint_auto: 0.12.10 (/opt/ros/humble/share/ament_lint_auto/cmake)
[1.040s] -- Found rosidl_default_generators: 1.2.0 (/opt/ros/humble/share/rosidl_default_generators/cmake)
[1.077s] -- Using all available rosidl_typesupport_c: rosidl_typesupport_fastrtps_c;rosidl_typesupport_introspection_c
[1.119s] -- Found rosidl_adapter: 3.1.5 (/opt/ros/humble/share/rosidl_adapter/cmake)
[1.340s] -- Using all available rosidl_typesupport_cpp: rosidl_typesupport_fastrtps_cpp;rosidl_typesupport_introspection_cpp
[2.016s] -- Found ament_cmake_ros: 0.10.0 (/opt/ros/humble/share/ament_cmake_ros/cmake)
[2.377s] -- Using all available rosidl_typesupport_c: rosidl_typesupport_fastrtps_c;rosidl_typesupport_introspection_c
[2.881s] -- Using all available rosidl_typesupport_cpp: rosidl_typesupport_fastrtps_cpp;rosidl_typesupport_introspection_cpp
[2.966s] -- Found python_cmake_module: 0.10.0 (/opt/ros/humble/share/python_cmake_module/cmake)
[3.034s] -- Using PYTHON_EXECUTABLE: /usr/bin/python3
[3.034s] -- Using PYTHON_INCLUDE_DIRS: /usr/include/python3.10
[3.035s] -- Using PYTHON_LIBRARIES: /usr/lib/x86_64-linux-gnu/libpython3.10.so
[3.179s] -- Added test 'lint_cmake' to check CMake code style
[3.241s] -- Added test 'xmllint' to check XML markup files
[3.325s] -- Configuring done
[3.559s] -- Generating done
[3.569s] -- Build files have been written to: /home/rikverhoeven/Documents/coding/ROS_auto_robot/control_robot_test/serial_motor_demo_ws/build/serial_motor_msgs
[3.581s] Invoked command in '/home/rikverhoeven/Documents/coding/ROS_auto_robot/control_robot_test/serial_motor_demo_ws/build/serial_motor_msgs' returned '0': CMAKE_PREFIX_PATH=${CMAKE_PREFIX_PATH}:/home/rikverhoeven/Documents/coding/ROS_auto_robot/control_robot_test/serial_motor_demo_ws/install/serial_motor_demo:/home/rikverhoeven/Documents/coding/ROS_auto_robot/ros2_01_ws/install/py_srvcli:/home/rikverhoeven/Documents/coding/ROS_auto_robot/ros2_01_ws/install/py_pubsub:/home/rikverhoeven/Documents/coding/ROS_auto_robot/ros2_01_ws/install/kimbo_control_dc_motor:/opt/ros/humble /usr/bin/cmake /home/rikverhoeven/Documents/coding/ROS_auto_robot/control_robot_test/serial_motor_demo_ws/src/serial_motor_msgs -DCMAKE_INSTALL_PREFIX=/home/rikverhoeven/Documents/coding/ROS_auto_robot/control_robot_test/serial_motor_demo_ws/install/serial_motor_msgs
[3.584s] Invoking command in '/home/rikverhoeven/Documents/coding/ROS_auto_robot/control_robot_test/serial_motor_demo_ws/build/serial_motor_msgs': CMAKE_PREFIX_PATH=${CMAKE_PREFIX_PATH}:/home/rikverhoeven/Documents/coding/ROS_auto_robot/control_robot_test/serial_motor_demo_ws/install/serial_motor_demo:/home/rikverhoeven/Documents/coding/ROS_auto_robot/ros2_01_ws/install/py_srvcli:/home/rikverhoeven/Documents/coding/ROS_auto_robot/ros2_01_ws/install/py_pubsub:/home/rikverhoeven/Documents/coding/ROS_auto_robot/ros2_01_ws/install/kimbo_control_dc_motor:/opt/ros/humble /usr/bin/cmake --build /home/rikverhoeven/Documents/coding/ROS_auto_robot/control_robot_test/serial_motor_demo_ws/build/serial_motor_msgs -- -j8 -l8
[3.644s] [  1%] [34m[1mGenerating C code for ROS interfaces[0m
[3.658s] [  3%] [34m[1mGenerating C++ code for ROS interfaces[0m
[3.671s] [  3%] Built target ament_cmake_python_symlink_serial_motor_msgs
[4.204s] running egg_info
[4.204s] writing serial_motor_msgs.egg-info/PKG-INFO
[4.205s] writing dependency_links to serial_motor_msgs.egg-info/dependency_links.txt
[4.205s] writing top-level names to serial_motor_msgs.egg-info/top_level.txt
[4.237s] reading manifest file 'serial_motor_msgs.egg-info/SOURCES.txt'
[4.252s] writing manifest file 'serial_motor_msgs.egg-info/SOURCES.txt'
[4.287s] [  3%] Built target ament_cmake_python_build_serial_motor_msgs_egg
[4.394s] [  3%] Built target serial_motor_msgs__cpp
[4.409s] [  5%] [34m[1mGenerating C++ type support dispatch for ROS interfaces[0m
[4.411s] [  7%] [34m[1mGenerating C++ type support for eProsima Fast-RTPS[0m
[4.413s] [  9%] [34m[1mGenerating C++ introspection for ROS interfaces[0m
[4.568s] [35m[1mConsolidate compiler generated dependencies of target serial_motor_msgs__rosidl_generator_c[0m
[4.608s] [ 10%] [32mBuilding C object CMakeFiles/serial_motor_msgs__rosidl_generator_c.dir/rosidl_generator_c/serial_motor_msgs/msg/detail/motor_vels__functions.c.o[0m
[4.620s] [ 12%] [32mBuilding C object CMakeFiles/serial_motor_msgs__rosidl_generator_c.dir/rosidl_generator_c/serial_motor_msgs/msg/detail/motor_command__functions.c.o[0m
[4.637s] [ 14%] [32mBuilding C object CMakeFiles/serial_motor_msgs__rosidl_generator_c.dir/rosidl_generator_c/serial_motor_msgs/msg/detail/encoder_vals__functions.c.o[0m
[4.660s] [ 16%] [32mBuilding C object CMakeFiles/serial_motor_msgs__rosidl_generator_c.dir/rosidl_generator_c/serial_motor_msgs/msg/detail/serial_log__functions.c.o[0m
[4.861s] In file included from [01m[K/home/rikverhoeven/Documents/coding/ROS_auto_robot/control_robot_test/serial_motor_demo_ws/build/serial_motor_msgs/rosidl_generator_c/serial_motor_msgs/msg/detail/serial_log__functions.h:19[m[K,
[4.861s]                  from [01m[K/home/rikverhoeven/Documents/coding/ROS_auto_robot/control_robot_test/serial_motor_demo_ws/build/serial_motor_msgs/rosidl_generator_c/serial_motor_msgs/msg/detail/serial_log__functions.c:4[m[K:
[4.861s] [01m[K/home/rikverhoeven/Documents/coding/ROS_auto_robot/control_robot_test/serial_motor_demo_ws/build/serial_motor_msgs/rosidl_generator_c/serial_motor_msgs/msg/detail/serial_log__struct.h:22:10:[m[K [01;31m[Kfatal error: [m[Kserial_motor_msgs/msg/detail/string__struct.h: No such file or directory
[4.861s]    22 | #include [01;31m[K"serial_motor_msgs/msg/detail/string__struct.h"[m[K
[4.862s]       |          [01;31m[K^~~~~~~~~~~~~~~~~~~~~~~~~~~~~~~~~~~~~~~~~~~~~~~[m[K
[4.862s] compilation terminated.
[4.864s] gmake[2]: *** [CMakeFiles/serial_motor_msgs__rosidl_generator_c.dir/build.make:195: CMakeFiles/serial_motor_msgs__rosidl_generator_c.dir/rosidl_generator_c/serial_motor_msgs/msg/detail/serial_log__functions.c.o] Error 1
[4.864s] gmake[2]: *** Waiting for unfinished jobs....
[5.399s] [35m[1mConsolidate compiler generated dependencies of target serial_motor_msgs__rosidl_typesupport_cpp[0m
[5.487s] [ 18%] [32mBuilding CXX object CMakeFiles/serial_motor_msgs__rosidl_typesupport_cpp.dir/rosidl_typesupport_cpp/serial_motor_msgs/msg/motor_command__type_support.cpp.o[0m
[5.523s] [ 20%] [32mBuilding CXX object CMakeFiles/serial_motor_msgs__rosidl_typesupport_cpp.dir/rosidl_typesupport_cpp/serial_motor_msgs/msg/motor_vels__type_support.cpp.o[0m
[5.584s] [ 21%] [32mBuilding CXX object CMakeFiles/serial_motor_msgs__rosidl_typesupport_cpp.dir/rosidl_typesupport_cpp/serial_motor_msgs/msg/encoder_vals__type_support.cpp.o[0m
[5.682s] gmake[1]: *** [CMakeFiles/Makefile2:213: CMakeFiles/serial_motor_msgs__rosidl_generator_c.dir/all] Error 2
[5.682s] gmake[1]: *** Waiting for unfinished jobs....
[5.696s] [35m[1mConsolidate compiler generated dependencies of target serial_motor_msgs__rosidl_typesupport_introspection_cpp[0m
[5.720s] [ 23%] [32mBuilding CXX object CMakeFiles/serial_motor_msgs__rosidl_typesupport_cpp.dir/rosidl_typesupport_cpp/serial_motor_msgs/msg/serial_log__type_support.cpp.o[0m
[5.732s] [35m[1mConsolidate compiler generated dependencies of target serial_motor_msgs__rosidl_typesupport_fastrtps_cpp[0m
[5.734s] [ 25%] [32mBuilding CXX object CMakeFiles/serial_motor_msgs__rosidl_typesupport_introspection_cpp.dir/rosidl_typesupport_introspection_cpp/serial_motor_msgs/msg/detail/motor_command__type_support.cpp.o[0m
[5.747s] [ 27%] [32mBuilding CXX object CMakeFiles/serial_motor_msgs__rosidl_typesupport_introspection_cpp.dir/rosidl_typesupport_introspection_cpp/serial_motor_msgs/msg/detail/motor_vels__type_support.cpp.o[0m
[5.753s] [ 29%] [32mBuilding CXX object CMakeFiles/serial_motor_msgs__rosidl_typesupport_introspection_cpp.dir/rosidl_typesupport_introspection_cpp/serial_motor_msgs/msg/detail/encoder_vals__type_support.cpp.o[0m
[5.892s] [ 30%] [32mBuilding CXX object CMakeFiles/serial_motor_msgs__rosidl_typesupport_fastrtps_cpp.dir/rosidl_typesupport_fastrtps_cpp/serial_motor_msgs/msg/detail/dds_fastrtps/motor_command__type_support.cpp.o[0m
[6.812s] In file included from [01m[K/home/rikverhoeven/Documents/coding/ROS_auto_robot/control_robot_test/serial_motor_demo_ws/build/serial_motor_msgs/rosidl_typesupport_cpp/serial_motor_msgs/msg/serial_log__type_support.cpp:7[m[K:
[6.812s] [01m[K/home/rikverhoeven/Documents/coding/ROS_auto_robot/control_robot_test/serial_motor_demo_ws/build/serial_motor_msgs/rosidl_generator_cpp/serial_motor_msgs/msg/detail/serial_log__struct.hpp:20:10:[m[K [01;31m[Kfatal error: [m[Kserial_motor_msgs/msg/detail/string__struct.hpp: No such file or directory
[6.812s]    20 | #include [01;31m[K"serial_motor_msgs/msg/detail/string__struct.hpp"[m[K
[6.812s]       |          [01;31m[K^~~~~~~~~~~~~~~~~~~~~~~~~~~~~~~~~~~~~~~~~~~~~~~~~[m[K
[6.812s] compilation terminated.
[6.819s] gmake[2]: *** [CMakeFiles/serial_motor_msgs__rosidl_typesupport_cpp.dir/build.make:140: CMakeFiles/serial_motor_msgs__rosidl_typesupport_cpp.dir/rosidl_typesupport_cpp/serial_motor_msgs/msg/serial_log__type_support.cpp.o] Error 1
[6.819s] gmake[2]: *** Waiting for unfinished jobs....
[6.835s] [ 32%] [32mBuilding CXX object CMakeFiles/serial_motor_msgs__rosidl_typesupport_introspection_cpp.dir/rosidl_typesupport_introspection_cpp/serial_motor_msgs/msg/detail/serial_log__type_support.cpp.o[0m
[6.987s] In file included from [01m[K/home/rikverhoeven/Documents/coding/ROS_auto_robot/control_robot_test/serial_motor_demo_ws/build/serial_motor_msgs/rosidl_typesupport_introspection_cpp/serial_motor_msgs/msg/detail/serial_log__type_support.cpp:12[m[K:
[6.987s] [01m[K/home/rikverhoeven/Documents/coding/ROS_auto_robot/control_robot_test/serial_motor_demo_ws/build/serial_motor_msgs/rosidl_generator_cpp/serial_motor_msgs/msg/detail/serial_log__struct.hpp:20:10:[m[K [01;31m[Kfatal error: [m[Kserial_motor_msgs/msg/detail/string__struct.hpp: No such file or directory
[6.987s]    20 | #include [01;31m[K"serial_motor_msgs/msg/detail/string__struct.hpp"[m[K
[6.987s]       |          [01;31m[K^~~~~~~~~~~~~~~~~~~~~~~~~~~~~~~~~~~~~~~~~~~~~~~~~[m[K
[6.987s] compilation terminated.
[6.995s] gmake[2]: *** [CMakeFiles/serial_motor_msgs__rosidl_typesupport_introspection_cpp.dir/build.make:154: CMakeFiles/serial_motor_msgs__rosidl_typesupport_introspection_cpp.dir/rosidl_typesupport_introspection_cpp/serial_motor_msgs/msg/detail/serial_log__type_support.cpp.o] Error 1
[6.996s] gmake[2]: *** Waiting for unfinished jobs....
[7.015s] [ 34%] [32mBuilding CXX object CMakeFiles/serial_motor_msgs__rosidl_typesupport_fastrtps_cpp.dir/rosidl_typesupport_fastrtps_cpp/serial_motor_msgs/msg/detail/dds_fastrtps/motor_vels__type_support.cpp.o[0m
[8.362s] [ 36%] [32mBuilding CXX object CMakeFiles/serial_motor_msgs__rosidl_typesupport_fastrtps_cpp.dir/rosidl_typesupport_fastrtps_cpp/serial_motor_msgs/msg/detail/dds_fastrtps/serial_log__type_support.cpp.o[0m
[8.380s] [ 38%] [32mBuilding CXX object CMakeFiles/serial_motor_msgs__rosidl_typesupport_fastrtps_cpp.dir/rosidl_typesupport_fastrtps_cpp/serial_motor_msgs/msg/detail/dds_fastrtps/encoder_vals__type_support.cpp.o[0m
[8.496s] In file included from [01m[K/home/rikverhoeven/Documents/coding/ROS_auto_robot/control_robot_test/serial_motor_demo_ws/build/serial_motor_msgs/rosidl_typesupport_fastrtps_cpp/serial_motor_msgs/msg/detail/serial_log__rosidl_typesupport_fastrtps_cpp.hpp:11[m[K,
[8.496s]                  from [01m[K/home/rikverhoeven/Documents/coding/ROS_auto_robot/control_robot_test/serial_motor_demo_ws/build/serial_motor_msgs/rosidl_typesupport_fastrtps_cpp/serial_motor_msgs/msg/detail/dds_fastrtps/serial_log__type_support.cpp:4[m[K:
[8.496s] [01m[K/home/rikverhoeven/Documents/coding/ROS_auto_robot/control_robot_test/serial_motor_demo_ws/build/serial_motor_msgs/rosidl_generator_cpp/serial_motor_msgs/msg/detail/serial_log__struct.hpp:20:10:[m[K [01;31m[Kfatal error: [m[Kserial_motor_msgs/msg/detail/string__struct.hpp: No such file or directory
[8.496s]    20 | #include [01;31m[K"serial_motor_msgs/msg/detail/string__struct.hpp"[m[K
[8.497s]       |          [01;31m[K^~~~~~~~~~~~~~~~~~~~~~~~~~~~~~~~~~~~~~~~~~~~~~~~~[m[K
[8.497s] compilation terminated.
[8.501s] gmake[2]: *** [CMakeFiles/serial_motor_msgs__rosidl_typesupport_fastrtps_cpp.dir/build.make:154: CMakeFiles/serial_motor_msgs__rosidl_typesupport_fastrtps_cpp.dir/rosidl_typesupport_fastrtps_cpp/serial_motor_msgs/msg/detail/dds_fastrtps/serial_log__type_support.cpp.o] Error 1
[8.502s] gmake[2]: *** Waiting for unfinished jobs....
[8.622s] gmake[1]: *** [CMakeFiles/Makefile2:395: CMakeFiles/serial_motor_msgs__rosidl_typesupport_cpp.dir/all] Error 2
[9.008s] gmake[1]: *** [CMakeFiles/Makefile2:369: CMakeFiles/serial_motor_msgs__rosidl_typesupport_introspection_cpp.dir/all] Error 2
[9.361s] gmake[1]: *** [CMakeFiles/Makefile2:343: CMakeFiles/serial_motor_msgs__rosidl_typesupport_fastrtps_cpp.dir/all] Error 2
[9.361s] gmake: *** [Makefile:146: all] Error 2
[9.368s] Invoked command in '/home/rikverhoeven/Documents/coding/ROS_auto_robot/control_robot_test/serial_motor_demo_ws/build/serial_motor_msgs' returned '2': CMAKE_PREFIX_PATH=${CMAKE_PREFIX_PATH}:/home/rikverhoeven/Documents/coding/ROS_auto_robot/control_robot_test/serial_motor_demo_ws/install/serial_motor_demo:/home/rikverhoeven/Documents/coding/ROS_auto_robot/ros2_01_ws/install/py_srvcli:/home/rikverhoeven/Documents/coding/ROS_auto_robot/ros2_01_ws/install/py_pubsub:/home/rikverhoeven/Documents/coding/ROS_auto_robot/ros2_01_ws/install/kimbo_control_dc_motor:/opt/ros/humble /usr/bin/cmake --build /home/rikverhoeven/Documents/coding/ROS_auto_robot/control_robot_test/serial_motor_demo_ws/build/serial_motor_msgs -- -j8 -l8
