[35m[1mConsolidate compiler generated dependencies of target serial_motor_msgs__rosidl_generator_c[0m
[  1%] Built target serial_motor_msgs__cpp
[  3%] [32mBuilding C object CMakeFiles/serial_motor_msgs__rosidl_generator_c.dir/rosidl_generator_c/serial_motor_msgs/msg/detail/serial_log__functions.c.o[0m
[  3%] Built target ament_cmake_python_symlink_serial_motor_msgs
[35m[1mConsolidate compiler generated dependencies of target serial_motor_msgs__rosidl_typesupport_cpp[0m
[35m[1mConsolidate compiler generated dependencies of target serial_motor_msgs__rosidl_typesupport_fastrtps_cpp[0m
[35m[1mConsolidate compiler generated dependencies of target serial_motor_msgs__rosidl_typesupport_introspection_cpp[0m
In file included from [01m[K/home/rikverhoeven/Documents/coding/ROS_auto_robot/control_robot_test/serial_motor_demo_ws/build/serial_motor_msgs/rosidl_generator_c/serial_motor_msgs/msg/detail/serial_log__functions.h:19[m[K,
                 from [01m[K/home/rikverhoeven/Documents/coding/ROS_auto_robot/control_robot_test/serial_motor_demo_ws/build/serial_motor_msgs/rosidl_generator_c/serial_motor_msgs/msg/detail/serial_log__functions.c:4[m[K:
[01m[K/home/rikverhoeven/Documents/coding/ROS_auto_robot/control_robot_test/serial_motor_demo_ws/build/serial_motor_msgs/rosidl_generator_c/serial_motor_msgs/msg/detail/serial_log__struct.h:22:10:[m[K [01;31m[Kfatal error: [m[Kserial_motor_msgs/msg/detail/string__struct.h: No such file or directory
   22 | #include [01;31m[K"serial_motor_msgs/msg/detail/string__struct.h"[m[K
      |          [01;31m[K^~~~~~~~~~~~~~~~~~~~~~~~~~~~~~~~~~~~~~~~~~~~~~~[m[K
compilation terminated.
gmake[2]: *** [CMakeFiles/serial_motor_msgs__rosidl_generator_c.dir/build.make:195: CMakeFiles/serial_motor_msgs__rosidl_generator_c.dir/rosidl_generator_c/serial_motor_msgs/msg/detail/serial_log__functions.c.o] Error 1
gmake[1]: *** [CMakeFiles/Makefile2:213: CMakeFiles/serial_motor_msgs__rosidl_generator_c.dir/all] Error 2
gmake[1]: *** Waiting for unfinished jobs....
[  5%] [32mBuilding CXX object CMakeFiles/serial_motor_msgs__rosidl_typesupport_cpp.dir/rosidl_typesupport_cpp/serial_motor_msgs/msg/serial_log__type_support.cpp.o[0m
[  7%] [32mBuilding CXX object CMakeFiles/serial_motor_msgs__rosidl_typesupport_fastrtps_cpp.dir/rosidl_typesupport_fastrtps_cpp/serial_motor_msgs/msg/detail/dds_fastrtps/serial_log__type_support.cpp.o[0m
[  9%] [32mBuilding CXX object CMakeFiles/serial_motor_msgs__rosidl_typesupport_introspection_cpp.dir/rosidl_typesupport_introspection_cpp/serial_motor_msgs/msg/detail/serial_log__type_support.cpp.o[0m
In file included from [01m[K/home/rikverhoeven/Documents/coding/ROS_auto_robot/control_robot_test/serial_motor_demo_ws/build/serial_motor_msgs/rosidl_typesupport_introspection_cpp/serial_motor_msgs/msg/detail/serial_log__type_support.cpp:12[m[K:
[01m[K/home/rikverhoeven/Documents/coding/ROS_auto_robot/control_robot_test/serial_motor_demo_ws/build/serial_motor_msgs/rosidl_generator_cpp/serial_motor_msgs/msg/detail/serial_log__struct.hpp:20:10:[m[K [01;31m[Kfatal error: [m[Kserial_motor_msgs/msg/detail/string__struct.hpp: No such file or directory
   20 | #include [01;31m[K"serial_motor_msgs/msg/detail/string__struct.hpp"[m[K
      |          [01;31m[K^~~~~~~~~~~~~~~~~~~~~~~~~~~~~~~~~~~~~~~~~~~~~~~~~[m[K
compilation terminated.
gmake[2]: *** [CMakeFiles/serial_motor_msgs__rosidl_typesupport_introspection_cpp.dir/build.make:154: CMakeFiles/serial_motor_msgs__rosidl_typesupport_introspection_cpp.dir/rosidl_typesupport_introspection_cpp/serial_motor_msgs/msg/detail/serial_log__type_support.cpp.o] Error 1
gmake[1]: *** [CMakeFiles/Makefile2:369: CMakeFiles/serial_motor_msgs__rosidl_typesupport_introspection_cpp.dir/all] Error 2
In file included from [01m[K/home/rikverhoeven/Documents/coding/ROS_auto_robot/control_robot_test/serial_motor_demo_ws/build/serial_motor_msgs/rosidl_typesupport_cpp/serial_motor_msgs/msg/serial_log__type_support.cpp:7[m[K:
[01m[K/home/rikverhoeven/Documents/coding/ROS_auto_robot/control_robot_test/serial_motor_demo_ws/build/serial_motor_msgs/rosidl_generator_cpp/serial_motor_msgs/msg/detail/serial_log__struct.hpp:20:10:[m[K [01;31m[Kfatal error: [m[Kserial_motor_msgs/msg/detail/string__struct.hpp: No such file or directory
   20 | #include [01;31m[K"serial_motor_msgs/msg/detail/string__struct.hpp"[m[K
      |          [01;31m[K^~~~~~~~~~~~~~~~~~~~~~~~~~~~~~~~~~~~~~~~~~~~~~~~~[m[K
compilation terminated.
gmake[2]: *** [CMakeFiles/serial_motor_msgs__rosidl_typesupport_cpp.dir/build.make:140: CMakeFiles/serial_motor_msgs__rosidl_typesupport_cpp.dir/rosidl_typesupport_cpp/serial_motor_msgs/msg/serial_log__type_support.cpp.o] Error 1
In file included from [01m[K/home/rikverhoeven/Documents/coding/ROS_auto_robot/control_robot_test/serial_motor_demo_ws/build/serial_motor_msgs/rosidl_typesupport_fastrtps_cpp/serial_motor_msgs/msg/detail/serial_log__rosidl_typesupport_fastrtps_cpp.hpp:11[m[K,
                 from [01m[K/home/rikverhoeven/Documents/coding/ROS_auto_robot/control_robot_test/serial_motor_demo_ws/build/serial_motor_msgs/rosidl_typesupport_fastrtps_cpp/serial_motor_msgs/msg/detail/dds_fastrtps/serial_log__type_support.cpp:4[m[K:
[01m[K/home/rikverhoeven/Documents/coding/ROS_auto_robot/control_robot_test/serial_motor_demo_ws/build/serial_motor_msgs/rosidl_generator_cpp/serial_motor_msgs/msg/detail/serial_log__struct.hpp:20:10:[m[K [01;31m[Kfatal error: [m[Kserial_motor_msgs/msg/detail/string__struct.hpp: No such file or directory
   20 | #include [01;31m[K"serial_motor_msgs/msg/detail/string__struct.hpp"[m[K
      |          [01;31m[K^~~~~~~~~~~~~~~~~~~~~~~~~~~~~~~~~~~~~~~~~~~~~~~~~[m[K
compilation terminated.
gmake[1]: *** [CMakeFiles/Makefile2:395: CMakeFiles/serial_motor_msgs__rosidl_typesupport_cpp.dir/all] Error 2
gmake[2]: *** [CMakeFiles/serial_motor_msgs__rosidl_typesupport_fastrtps_cpp.dir/build.make:154: CMakeFiles/serial_motor_msgs__rosidl_typesupport_fastrtps_cpp.dir/rosidl_typesupport_fastrtps_cpp/serial_motor_msgs/msg/detail/dds_fastrtps/serial_log__type_support.cpp.o] Error 1
gmake[1]: *** [CMakeFiles/Makefile2:343: CMakeFiles/serial_motor_msgs__rosidl_typesupport_fastrtps_cpp.dir/all] Error 2
running egg_info
writing serial_motor_msgs.egg-info/PKG-INFO
writing dependency_links to serial_motor_msgs.egg-info/dependency_links.txt
writing top-level names to serial_motor_msgs.egg-info/top_level.txt
reading manifest file 'serial_motor_msgs.egg-info/SOURCES.txt'
writing manifest file 'serial_motor_msgs.egg-info/SOURCES.txt'
[  9%] Built target ament_cmake_python_build_serial_motor_msgs_egg
gmake: *** [Makefile:146: all] Error 2
