[0.000000] (-) TimerEvent: {}
[0.000242] (cpp_srvcli) JobQueued: {'identifier': 'cpp_srvcli', 'dependencies': OrderedDict()}
[0.001200] (kimbo_control_dc_motor) JobQueued: {'identifier': 'kimbo_control_dc_motor', 'dependencies': OrderedDict()}
[0.001280] (py_pubsub) JobQueued: {'identifier': 'py_pubsub', 'dependencies': OrderedDict()}
[0.001687] (cpp_srvcli) JobStarted: {'identifier': 'cpp_srvcli'}
[0.009498] (kimbo_control_dc_motor) JobStarted: {'identifier': 'kimbo_control_dc_motor'}
[0.019901] (py_pubsub) JobStarted: {'identifier': 'py_pubsub'}
[0.029556] (cpp_srvcli) JobProgress: {'identifier': 'cpp_srvcli', 'progress': 'cmake'}
[0.030908] (cpp_srvcli) JobProgress: {'identifier': 'cpp_srvcli', 'progress': 'build'}
[0.031813] (cpp_srvcli) Command: {'cmd': ['/usr/bin/cmake', '--build', '/home/rikverhoeven/Documents/coding/ROS_auto_robot/ros2_01_ws/build/cpp_srvcli', '--', '-j8', '-l8'], 'cwd': '/home/rikverhoeven/Documents/coding/ROS_auto_robot/ros2_01_ws/build/cpp_srvcli', 'env': OrderedDict([('LESSOPEN', '| /usr/bin/lesspipe %s'), ('USER', 'rikverhoeven'), ('LC_TIME', 'nl_NL.UTF-8'), ('XDG_SESSION_TYPE', 'x11'), ('SHLVL', '1'), ('LD_LIBRARY_PATH', '/usr/lib/x86_64-linux-gnu/gazebo-11/plugins:/opt/ros/humble/opt/rviz_ogre_vendor/lib:/opt/ros/humble/lib/x86_64-linux-gnu:/opt/ros/humble/lib'), ('HOME', '/home/rikverhoeven'), ('OLDPWD', '/home/rikverhoeven/Documents/coding/ROS_auto_robot/ros2_01_ws/src'), ('DESKTOP_SESSION', 'ubuntu'), ('ROS_PYTHON_VERSION', '3'), ('GNOME_SHELL_SESSION_MODE', 'ubuntu'), ('GTK_MODULES', 'gail:atk-bridge'), ('LC_MONETARY', 'nl_NL.UTF-8'), ('SYSTEMD_EXEC_PID', '2054'), ('DBUS_SESSION_BUS_ADDRESS', 'unix:path=/run/user/1000/bus'), ('COLORTERM', 'truecolor'), ('COLCON_PREFIX_PATH', '/home/rikverhoeven/Documents/coding/ROS_auto_robot/ros2_01_ws/install'), ('ROS_DISTRO', 'humble'), ('GTK_IM_MODULE', 'ibus'), ('LOGNAME', 'rikverhoeven'), ('_', '/usr/bin/colcon'), ('ROS_VERSION', '2'), ('XDG_SESSION_CLASS', 'user'), ('USERNAME', 'rikverhoeven'), ('TERM', 'xterm-256color'), ('GNOME_DESKTOP_SESSION_ID', 'this-is-deprecated'), ('ROS_LOCALHOST_ONLY', '1'), ('WINDOWPATH', '2'), ('PATH', '/opt/ros/humble/bin:/home/rikverhoeven/.local/bin:/home/rikverhoeven/bin:/usr/local/sbin:/usr/local/bin:/usr/sbin:/usr/bin:/sbin:/bin:/usr/games:/usr/local/games:/snap/bin:/snap/bin:/home/rikverhoeven/bin:/home/rikverhoeven/bin:/home/rikverhoeven/bin:/home/rikverhoeven/bin:/home/rikverhoeven/bin:/home/rikverhoeven/bin'), ('SESSION_MANAGER', 'local/rikverhoeven-N56VM:@/tmp/.ICE-unix/2030,unix/rikverhoeven-N56VM:/tmp/.ICE-unix/2030'), ('GTK3_MODULES', 'xapp-gtk3-module'), ('XDG_MENU_PREFIX', 'gnome-'), ('LC_ADDRESS', 'nl_NL.UTF-8'), ('GNOME_TERMINAL_SCREEN', '/org/gnome/Terminal/screen/36055b38_2e2b_47ae_8460_5f98fea767c6'), ('XDG_RUNTIME_DIR', '/run/user/1000'), ('DISPLAY', ':0'), ('LANG', 'en_US.UTF-8'), ('XDG_CURRENT_DESKTOP', 'ubuntu:GNOME'), ('LC_TELEPHONE', 'nl_NL.UTF-8'), ('XMODIFIERS', '@im=ibus'), ('XDG_SESSION_DESKTOP', 'ubuntu'), ('XAUTHORITY', '/run/user/1000/gdm/Xauthority'), ('LS_COLORS', 'rs=0:di=01;34:ln=01;36:mh=00:pi=40;33:so=01;35:do=01;35:bd=40;33;01:cd=40;33;01:or=40;31;01:mi=00:su=37;41:sg=30;43:ca=30;41:tw=30;42:ow=34;42:st=37;44:ex=01;32:*.tar=01;31:*.tgz=01;31:*.arc=01;31:*.arj=01;31:*.taz=01;31:*.lha=01;31:*.lz4=01;31:*.lzh=01;31:*.lzma=01;31:*.tlz=01;31:*.txz=01;31:*.tzo=01;31:*.t7z=01;31:*.zip=01;31:*.z=01;31:*.dz=01;31:*.gz=01;31:*.lrz=01;31:*.lz=01;31:*.lzo=01;31:*.xz=01;31:*.zst=01;31:*.tzst=01;31:*.bz2=01;31:*.bz=01;31:*.tbz=01;31:*.tbz2=01;31:*.tz=01;31:*.deb=01;31:*.rpm=01;31:*.jar=01;31:*.war=01;31:*.ear=01;31:*.sar=01;31:*.rar=01;31:*.alz=01;31:*.ace=01;31:*.zoo=01;31:*.cpio=01;31:*.7z=01;31:*.rz=01;31:*.cab=01;31:*.wim=01;31:*.swm=01;31:*.dwm=01;31:*.esd=01;31:*.jpg=01;35:*.jpeg=01;35:*.mjpg=01;35:*.mjpeg=01;35:*.gif=01;35:*.bmp=01;35:*.pbm=01;35:*.pgm=01;35:*.ppm=01;35:*.tga=01;35:*.xbm=01;35:*.xpm=01;35:*.tif=01;35:*.tiff=01;35:*.png=01;35:*.svg=01;35:*.svgz=01;35:*.mng=01;35:*.pcx=01;35:*.mov=01;35:*.mpg=01;35:*.mpeg=01;35:*.m2v=01;35:*.mkv=01;35:*.webm=01;35:*.webp=01;35:*.ogm=01;35:*.mp4=01;35:*.m4v=01;35:*.mp4v=01;35:*.vob=01;35:*.qt=01;35:*.nuv=01;35:*.wmv=01;35:*.asf=01;35:*.rm=01;35:*.rmvb=01;35:*.flc=01;35:*.avi=01;35:*.fli=01;35:*.flv=01;35:*.gl=01;35:*.dl=01;35:*.xcf=01;35:*.xwd=01;35:*.yuv=01;35:*.cgm=01;35:*.emf=01;35:*.ogv=01;35:*.ogx=01;35:*.aac=00;36:*.au=00;36:*.flac=00;36:*.m4a=00;36:*.mid=00;36:*.midi=00;36:*.mka=00;36:*.mp3=00;36:*.mpc=00;36:*.ogg=00;36:*.ra=00;36:*.wav=00;36:*.oga=00;36:*.opus=00;36:*.spx=00;36:*.xspf=00;36:'), ('GNOME_TERMINAL_SERVICE', ':1.223'), ('SSH_AGENT_LAUNCHER', 'gnome-keyring'), ('SSH_AUTH_SOCK', '/run/user/1000/keyring/ssh'), ('ROS_DOMAIN_ID', '201'), ('AMENT_PREFIX_PATH', '/home/rikverhoeven/Documents/coding/ROS_auto_robot/ros2_01_ws/install/py_pubsub:/home/rikverhoeven/Documents/coding/ROS_auto_robot/ros2_01_ws/install/cpp_srvcli:/home/rikverhoeven/Documents/coding/ROS_auto_robot/ros2_01_ws/install/kimbo_control_dc_motor:/opt/ros/humble'), ('SHELL', '/bin/bash'), ('LC_NAME', 'nl_NL.UTF-8'), ('QT_ACCESSIBILITY', '1'), ('GDMSESSION', 'ubuntu'), ('LESSCLOSE', '/usr/bin/lesspipe %s %s'), ('LC_MEASUREMENT', 'nl_NL.UTF-8'), ('GPG_AGENT_INFO', '/run/user/1000/gnupg/S.gpg-agent:0:1'), ('LC_IDENTIFICATION', 'nl_NL.UTF-8'), ('QT_IM_MODULE', 'ibus'), ('PWD', '/home/rikverhoeven/Documents/coding/ROS_auto_robot/ros2_01_ws/build/cpp_srvcli'), ('XDG_CONFIG_DIRS', '/etc/xdg/xdg-ubuntu:/etc/xdg'), ('XDG_DATA_DIRS', '/usr/share/ubuntu:/usr/share/gnome:/usr/local/share/:/usr/share/:/var/lib/snapd/desktop'), ('PYTHONPATH', '/home/rikverhoeven/Documents/coding/ROS_auto_robot/ros2_01_ws/build/py_pubsub:/home/rikverhoeven/Documents/coding/ROS_auto_robot/ros2_01_ws/install/py_pubsub/lib/python3.10/site-packages:/home/rikverhoeven/Documents/coding/ROS_auto_robot/ros2_01_ws/build/kimbo_control_dc_motor:/home/rikverhoeven/Documents/coding/ROS_auto_robot/ros2_01_ws/install/kimbo_control_dc_motor/lib/python3.10/site-packages:/opt/ros/humble/lib/python3.10/site-packages:/opt/ros/humble/local/lib/python3.10/dist-packages'), ('LC_NUMERIC', 'nl_NL.UTF-8'), ('LC_PAPER', 'nl_NL.UTF-8'), ('COLCON', '1'), ('VTE_VERSION', '6800'), ('CMAKE_PREFIX_PATH', '/home/rikverhoeven/Documents/coding/ROS_auto_robot/ros2_01_ws/install/cpp_srvcli:/home/rikverhoeven/Documents/coding/ROS_auto_robot/ros2_01_ws/install/py_pubsub:/home/rikverhoeven/Documents/coding/ROS_auto_robot/ros2_01_ws/install/kimbo_control_dc_motor:/opt/ros/humble')]), 'shell': False}
[0.099415] (-) TimerEvent: {}
[0.199832] (-) TimerEvent: {}
[0.300186] (-) TimerEvent: {}
[0.400646] (-) TimerEvent: {}
[0.493206] (cpp_srvcli) StdoutLine: {'line': b'[ 50%] Built target client\n'}
[0.495020] (cpp_srvcli) StdoutLine: {'line': b'[100%] Built target server\n'}
[0.500765] (-) TimerEvent: {}
[0.601176] (-) TimerEvent: {}
[0.701632] (-) TimerEvent: {}
[0.802044] (-) TimerEvent: {}
[0.902562] (-) TimerEvent: {}
[0.910360] (cpp_srvcli) CommandEnded: {'returncode': 0}
[0.945678] (cpp_srvcli) JobProgress: {'identifier': 'cpp_srvcli', 'progress': 'install'}
[0.958340] (cpp_srvcli) Command: {'cmd': ['/usr/bin/cmake', '--install', '/home/rikverhoeven/Documents/coding/ROS_auto_robot/ros2_01_ws/build/cpp_srvcli'], 'cwd': '/home/rikverhoeven/Documents/coding/ROS_auto_robot/ros2_01_ws/build/cpp_srvcli', 'env': OrderedDict([('LESSOPEN', '| /usr/bin/lesspipe %s'), ('USER', 'rikverhoeven'), ('LC_TIME', 'nl_NL.UTF-8'), ('XDG_SESSION_TYPE', 'x11'), ('SHLVL', '1'), ('LD_LIBRARY_PATH', '/usr/lib/x86_64-linux-gnu/gazebo-11/plugins:/opt/ros/humble/opt/rviz_ogre_vendor/lib:/opt/ros/humble/lib/x86_64-linux-gnu:/opt/ros/humble/lib'), ('HOME', '/home/rikverhoeven'), ('OLDPWD', '/home/rikverhoeven/Documents/coding/ROS_auto_robot/ros2_01_ws/src'), ('DESKTOP_SESSION', 'ubuntu'), ('ROS_PYTHON_VERSION', '3'), ('GNOME_SHELL_SESSION_MODE', 'ubuntu'), ('GTK_MODULES', 'gail:atk-bridge'), ('LC_MONETARY', 'nl_NL.UTF-8'), ('SYSTEMD_EXEC_PID', '2054'), ('DBUS_SESSION_BUS_ADDRESS', 'unix:path=/run/user/1000/bus'), ('COLORTERM', 'truecolor'), ('COLCON_PREFIX_PATH', '/home/rikverhoeven/Documents/coding/ROS_auto_robot/ros2_01_ws/install'), ('ROS_DISTRO', 'humble'), ('GTK_IM_MODULE', 'ibus'), ('LOGNAME', 'rikverhoeven'), ('_', '/usr/bin/colcon'), ('ROS_VERSION', '2'), ('XDG_SESSION_CLASS', 'user'), ('USERNAME', 'rikverhoeven'), ('TERM', 'xterm-256color'), ('GNOME_DESKTOP_SESSION_ID', 'this-is-deprecated'), ('ROS_LOCALHOST_ONLY', '1'), ('WINDOWPATH', '2'), ('PATH', '/opt/ros/humble/bin:/home/rikverhoeven/.local/bin:/home/rikverhoeven/bin:/usr/local/sbin:/usr/local/bin:/usr/sbin:/usr/bin:/sbin:/bin:/usr/games:/usr/local/games:/snap/bin:/snap/bin:/home/rikverhoeven/bin:/home/rikverhoeven/bin:/home/rikverhoeven/bin:/home/rikverhoeven/bin:/home/rikverhoeven/bin:/home/rikverhoeven/bin'), ('SESSION_MANAGER', 'local/rikverhoeven-N56VM:@/tmp/.ICE-unix/2030,unix/rikverhoeven-N56VM:/tmp/.ICE-unix/2030'), ('GTK3_MODULES', 'xapp-gtk3-module'), ('XDG_MENU_PREFIX', 'gnome-'), ('LC_ADDRESS', 'nl_NL.UTF-8'), ('GNOME_TERMINAL_SCREEN', '/org/gnome/Terminal/screen/36055b38_2e2b_47ae_8460_5f98fea767c6'), ('XDG_RUNTIME_DIR', '/run/user/1000'), ('DISPLAY', ':0'), ('LANG', 'en_US.UTF-8'), ('XDG_CURRENT_DESKTOP', 'ubuntu:GNOME'), ('LC_TELEPHONE', 'nl_NL.UTF-8'), ('XMODIFIERS', '@im=ibus'), ('XDG_SESSION_DESKTOP', 'ubuntu'), ('XAUTHORITY', '/run/user/1000/gdm/Xauthority'), ('LS_COLORS', 'rs=0:di=01;34:ln=01;36:mh=00:pi=40;33:so=01;35:do=01;35:bd=40;33;01:cd=40;33;01:or=40;31;01:mi=00:su=37;41:sg=30;43:ca=30;41:tw=30;42:ow=34;42:st=37;44:ex=01;32:*.tar=01;31:*.tgz=01;31:*.arc=01;31:*.arj=01;31:*.taz=01;31:*.lha=01;31:*.lz4=01;31:*.lzh=01;31:*.lzma=01;31:*.tlz=01;31:*.txz=01;31:*.tzo=01;31:*.t7z=01;31:*.zip=01;31:*.z=01;31:*.dz=01;31:*.gz=01;31:*.lrz=01;31:*.lz=01;31:*.lzo=01;31:*.xz=01;31:*.zst=01;31:*.tzst=01;31:*.bz2=01;31:*.bz=01;31:*.tbz=01;31:*.tbz2=01;31:*.tz=01;31:*.deb=01;31:*.rpm=01;31:*.jar=01;31:*.war=01;31:*.ear=01;31:*.sar=01;31:*.rar=01;31:*.alz=01;31:*.ace=01;31:*.zoo=01;31:*.cpio=01;31:*.7z=01;31:*.rz=01;31:*.cab=01;31:*.wim=01;31:*.swm=01;31:*.dwm=01;31:*.esd=01;31:*.jpg=01;35:*.jpeg=01;35:*.mjpg=01;35:*.mjpeg=01;35:*.gif=01;35:*.bmp=01;35:*.pbm=01;35:*.pgm=01;35:*.ppm=01;35:*.tga=01;35:*.xbm=01;35:*.xpm=01;35:*.tif=01;35:*.tiff=01;35:*.png=01;35:*.svg=01;35:*.svgz=01;35:*.mng=01;35:*.pcx=01;35:*.mov=01;35:*.mpg=01;35:*.mpeg=01;35:*.m2v=01;35:*.mkv=01;35:*.webm=01;35:*.webp=01;35:*.ogm=01;35:*.mp4=01;35:*.m4v=01;35:*.mp4v=01;35:*.vob=01;35:*.qt=01;35:*.nuv=01;35:*.wmv=01;35:*.asf=01;35:*.rm=01;35:*.rmvb=01;35:*.flc=01;35:*.avi=01;35:*.fli=01;35:*.flv=01;35:*.gl=01;35:*.dl=01;35:*.xcf=01;35:*.xwd=01;35:*.yuv=01;35:*.cgm=01;35:*.emf=01;35:*.ogv=01;35:*.ogx=01;35:*.aac=00;36:*.au=00;36:*.flac=00;36:*.m4a=00;36:*.mid=00;36:*.midi=00;36:*.mka=00;36:*.mp3=00;36:*.mpc=00;36:*.ogg=00;36:*.ra=00;36:*.wav=00;36:*.oga=00;36:*.opus=00;36:*.spx=00;36:*.xspf=00;36:'), ('GNOME_TERMINAL_SERVICE', ':1.223'), ('SSH_AGENT_LAUNCHER', 'gnome-keyring'), ('SSH_AUTH_SOCK', '/run/user/1000/keyring/ssh'), ('ROS_DOMAIN_ID', '201'), ('AMENT_PREFIX_PATH', '/home/rikverhoeven/Documents/coding/ROS_auto_robot/ros2_01_ws/install/py_pubsub:/home/rikverhoeven/Documents/coding/ROS_auto_robot/ros2_01_ws/install/cpp_srvcli:/home/rikverhoeven/Documents/coding/ROS_auto_robot/ros2_01_ws/install/kimbo_control_dc_motor:/opt/ros/humble'), ('SHELL', '/bin/bash'), ('LC_NAME', 'nl_NL.UTF-8'), ('QT_ACCESSIBILITY', '1'), ('GDMSESSION', 'ubuntu'), ('LESSCLOSE', '/usr/bin/lesspipe %s %s'), ('LC_MEASUREMENT', 'nl_NL.UTF-8'), ('GPG_AGENT_INFO', '/run/user/1000/gnupg/S.gpg-agent:0:1'), ('LC_IDENTIFICATION', 'nl_NL.UTF-8'), ('QT_IM_MODULE', 'ibus'), ('PWD', '/home/rikverhoeven/Documents/coding/ROS_auto_robot/ros2_01_ws/build/cpp_srvcli'), ('XDG_CONFIG_DIRS', '/etc/xdg/xdg-ubuntu:/etc/xdg'), ('XDG_DATA_DIRS', '/usr/share/ubuntu:/usr/share/gnome:/usr/local/share/:/usr/share/:/var/lib/snapd/desktop'), ('PYTHONPATH', '/home/rikverhoeven/Documents/coding/ROS_auto_robot/ros2_01_ws/build/py_pubsub:/home/rikverhoeven/Documents/coding/ROS_auto_robot/ros2_01_ws/install/py_pubsub/lib/python3.10/site-packages:/home/rikverhoeven/Documents/coding/ROS_auto_robot/ros2_01_ws/build/kimbo_control_dc_motor:/home/rikverhoeven/Documents/coding/ROS_auto_robot/ros2_01_ws/install/kimbo_control_dc_motor/lib/python3.10/site-packages:/opt/ros/humble/lib/python3.10/site-packages:/opt/ros/humble/local/lib/python3.10/dist-packages'), ('LC_NUMERIC', 'nl_NL.UTF-8'), ('LC_PAPER', 'nl_NL.UTF-8'), ('COLCON', '1'), ('VTE_VERSION', '6800'), ('CMAKE_PREFIX_PATH', '/home/rikverhoeven/Documents/coding/ROS_auto_robot/ros2_01_ws/install/cpp_srvcli:/home/rikverhoeven/Documents/coding/ROS_auto_robot/ros2_01_ws/install/py_pubsub:/home/rikverhoeven/Documents/coding/ROS_auto_robot/ros2_01_ws/install/kimbo_control_dc_motor:/opt/ros/humble')]), 'shell': False}
[0.968127] (cpp_srvcli) StdoutLine: {'line': b'-- Install configuration: ""\n'}
[0.968893] (cpp_srvcli) StdoutLine: {'line': b'-- Execute custom install script\n'}
[0.969546] (cpp_srvcli) StdoutLine: {'line': b'-- Up-to-date symlink: /home/rikverhoeven/Documents/coding/ROS_auto_robot/ros2_01_ws/install/cpp_srvcli/lib/cpp_srvcli/server\n'}
[0.969908] (cpp_srvcli) StdoutLine: {'line': b'-- Up-to-date symlink: /home/rikverhoeven/Documents/coding/ROS_auto_robot/ros2_01_ws/install/cpp_srvcli/lib/cpp_srvcli/client\n'}
[0.970428] (cpp_srvcli) StdoutLine: {'line': b'-- Up-to-date symlink: /home/rikverhoeven/Documents/coding/ROS_auto_robot/ros2_01_ws/install/cpp_srvcli/share/ament_index/resource_index/package_run_dependencies/cpp_srvcli\n'}
[0.970826] (cpp_srvcli) StdoutLine: {'line': b'-- Up-to-date symlink: /home/rikverhoeven/Documents/coding/ROS_auto_robot/ros2_01_ws/install/cpp_srvcli/share/ament_index/resource_index/parent_prefix_path/cpp_srvcli\n'}
[0.971183] (cpp_srvcli) StdoutLine: {'line': b'-- Up-to-date symlink: /home/rikverhoeven/Documents/coding/ROS_auto_robot/ros2_01_ws/install/cpp_srvcli/share/cpp_srvcli/environment/ament_prefix_path.sh\n'}
[0.971578] (cpp_srvcli) StdoutLine: {'line': b'-- Up-to-date symlink: /home/rikverhoeven/Documents/coding/ROS_auto_robot/ros2_01_ws/install/cpp_srvcli/share/cpp_srvcli/environment/ament_prefix_path.dsv\n'}
[0.971951] (cpp_srvcli) StdoutLine: {'line': b'-- Up-to-date symlink: /home/rikverhoeven/Documents/coding/ROS_auto_robot/ros2_01_ws/install/cpp_srvcli/share/cpp_srvcli/environment/path.sh\n'}
[0.972318] (cpp_srvcli) StdoutLine: {'line': b'-- Up-to-date symlink: /home/rikverhoeven/Documents/coding/ROS_auto_robot/ros2_01_ws/install/cpp_srvcli/share/cpp_srvcli/environment/path.dsv\n'}
[0.972683] (cpp_srvcli) StdoutLine: {'line': b'-- Up-to-date symlink: /home/rikverhoeven/Documents/coding/ROS_auto_robot/ros2_01_ws/install/cpp_srvcli/share/cpp_srvcli/local_setup.bash\n'}
[0.973049] (cpp_srvcli) StdoutLine: {'line': b'-- Up-to-date symlink: /home/rikverhoeven/Documents/coding/ROS_auto_robot/ros2_01_ws/install/cpp_srvcli/share/cpp_srvcli/local_setup.sh\n'}
[0.973417] (cpp_srvcli) StdoutLine: {'line': b'-- Up-to-date symlink: /home/rikverhoeven/Documents/coding/ROS_auto_robot/ros2_01_ws/install/cpp_srvcli/share/cpp_srvcli/local_setup.zsh\n'}
[0.973788] (cpp_srvcli) StdoutLine: {'line': b'-- Up-to-date symlink: /home/rikverhoeven/Documents/coding/ROS_auto_robot/ros2_01_ws/install/cpp_srvcli/share/cpp_srvcli/local_setup.dsv\n'}
[0.974046] (cpp_srvcli) StdoutLine: {'line': b'-- Symlinking: /home/rikverhoeven/Documents/coding/ROS_auto_robot/ros2_01_ws/install/cpp_srvcli/share/cpp_srvcli/package.dsv\n'}
[0.985667] (cpp_srvcli) StdoutLine: {'line': b'-- Up-to-date symlink: /home/rikverhoeven/Documents/coding/ROS_auto_robot/ros2_01_ws/install/cpp_srvcli/share/ament_index/resource_index/packages/cpp_srvcli\n'}
[0.986043] (cpp_srvcli) StdoutLine: {'line': b'-- Up-to-date symlink: /home/rikverhoeven/Documents/coding/ROS_auto_robot/ros2_01_ws/install/cpp_srvcli/share/cpp_srvcli/cmake/cpp_srvcliConfig.cmake\n'}
[0.986360] (cpp_srvcli) StdoutLine: {'line': b'-- Up-to-date symlink: /home/rikverhoeven/Documents/coding/ROS_auto_robot/ros2_01_ws/install/cpp_srvcli/share/cpp_srvcli/cmake/cpp_srvcliConfig-version.cmake\n'}
[0.986651] (cpp_srvcli) StdoutLine: {'line': b'-- Up-to-date symlink: /home/rikverhoeven/Documents/coding/ROS_auto_robot/ros2_01_ws/install/cpp_srvcli/share/cpp_srvcli/package.xml\n'}
[0.989617] (cpp_srvcli) CommandEnded: {'returncode': 0}
[1.003386] (-) TimerEvent: {}
[1.052715] (cpp_srvcli) JobEnded: {'identifier': 'cpp_srvcli', 'rc': 0}
[1.103499] (-) TimerEvent: {}
[1.203863] (-) TimerEvent: {}
[1.304301] (-) TimerEvent: {}
[1.404742] (-) TimerEvent: {}
[1.505318] (-) TimerEvent: {}
[1.542261] (py_pubsub) StderrLine: {'line': b'Traceback (most recent call last):\n  File "/usr/lib/python3/dist-packages/colcon_parallel_executor/executor/parallel.py", line 75, in execute\n    loop.run_until_complete(future)\n  File "/usr/lib/python3.10/asyncio/base_events.py", line 636, in run_until_complete\n    self.run_forever()\n  File "/usr/lib/python3.10/asyncio/base_events.py", line 603, in run_forever\n    self._run_once()\n  File "/usr/lib/python3.10/asyncio/base_events.py", line 1871, in _run_once\n    event_list = self._selector.select(timeout)\n  File "/usr/lib/python3.10/selectors.py", line 469, in select\n    fd_event_list = self._selector.poll(timeout, max_ev)\nKeyboardInterrupt\n\nDuring handling of the above exception, another exception occurred:\n\nTraceback (most recent call last):\n  File "/usr/lib/python3/dist-packages/colcon_core/executor/__init__.py", line 91, in __call__\n    rc = await self.task(*args, **kwargs)\n  File "/usr/lib/python3/dist-packages/colcon_core/task/__init__.py", line 93, in __call__\n    return await task_method(*args, **kwargs)\n  File "/usr/lib/python3/dist-packages/colcon_ros/task/ament_python/build.py", line 102, in build\n    return await extension.build(additional_hooks=additional_hooks)\n  File "/usr/lib/python3/dist-packages/colcon_core/task/python/build.py", line 90, in build\n    available_commands = await self._get_available_commands(\n  File "/usr/lib/python3/dist-packages/colcon_core/task/python/build.py", line 188, in _get_available_commands\n    output = await check_output(\n  File "/usr/lib/python3/dist-packages/colcon_core/subprocess.py", line 129, in check_output\n    assert not rc, f\'Expected {args} to pass: {stderr_data}\'\nAssertionError: Expected [\'/usr/bin/python3\', \'-W\', \'ignore:setup.py install is deprecated\', \'setup.py\', \'--help-commands\'] to pass: Traceback (most recent call last):\n  File "/home/rikverhoeven/Documents/coding/ROS_auto_robot/ros2_01_ws/src/py_pubsub/setup.py", line 1, in <module>\n    from setuptools import find_packages, setup\n  File "/home/rikverhoeven/.local/lib/python3.10/site-packages/setuptools/__init__.py", line 16, in <module>\n    import setuptools.version\n  File "/home/rikverhoeven/.local/lib/python3.10/site-packages/setuptools/version.py", line 1, in <module>\n    import pkg_resources\n  File "/home/rikverhoeven/.local/lib/python3.10/site-packages/pkg_resources/__init__.py", line 3243, in <module>\n    def _initialize_master_working_set():\n  File "/home/rikverhoeven/.local/lib/python3.10/site-packages/pkg_resources/__init__.py", line 3226, in _call_aside\n    f(*args, **kwargs)\n  File "/home/rikverhoeven/.local/lib/python3.10/site-packages/pkg_resources/__init__.py", line 3278, in _initialize_master_working_set\n    list(map(working_set.add_entry, sys.path))\n  File "/home/rikverhoeven/.local/lib/python3.10/site-packages/pkg_resources/__init__.py", line 608, in add_entry\n    for dist in find_distributions(entry, True):\n  File "/home/rikverhoeven/.local/lib/python3.10/site-packages/pkg_resources/__init__.py", line 2063, in find_on_path\n    for dist in factory(fullpath):\n  File "/home/rikverhoeven/.local/lib/python3.10/site-packages/pkg_resources/__init__.py", line 2128, in distributions_from_metadata\n    yield Distribution.from_location(\n  File "/home/rikverhoeven/.local/lib/python3.10/site-packages/pkg_resources/__init__.py", line 2591, in from_location\n    )._reload_version()\n  File "/home/rikverhoeven/.local/lib/python3.10/site-packages/pkg_resources/__init__.py", line 2989, in _reload_version\n    md_version = self._get_version()\n  File "/home/rikverhoeven/.local/lib/python3.10/site-packages/pkg_resources/__init__.py", line 2770, in _get_version\n    version = _version_from_file(lines)\n  File "/home/rikverhoeven/.local/lib/python3.10/site-packages/pkg_resources/__init__.py", line 2554, in _version_from_file\n    line = next(iter(version_lines), \'\')\n  File "/home/rikverhoeven/.local/lib/python3.10/site-packages/pkg_resources/__init__.py", line 2764, in _get_metadata\n    if self.has_metadata(name):\n  File "/home/rikverhoeven/.local/lib/python3.10/site-packages/pkg_resources/__init__.py", line 1400, in has_metadata\n    path = self._get_metadata_path(name)\n  File "/home/rikverhoeven/.local/lib/python3.10/site-packages/pkg_resources/__init__.py", line 1394, in _get_metadata_path\n    return self._fn(self.egg_info, name)\n  File "/home/rikverhoeven/.local/lib/python3.10/site-packages/pkg_resources/__init__.py", line 1475, in _fn\n    return os.path.join(base, *resource_name.split(\'/\'))\n  File "/usr/lib/python3.10/posixpath.py", line 76, in join\n    a = os.fspath(a)\nKeyboardInterrupt\n\n'}
[1.545615] (py_pubsub) JobEnded: {'identifier': 'py_pubsub', 'rc': 'SIGINT'}
[1.547025] (kimbo_control_dc_motor) JobEnded: {'identifier': 'kimbo_control_dc_motor', 'rc': 'SIGINT'}
[1.555566] (-) EventReactorShutdown: {}
