[0.019s] Invoking command in '/home/rikverhoeven/Documents/coding/ROS_auto_robot/control_robot_test/serial_motor_demo_ws/build/serial_motor_msgs': CMAKE_PREFIX_PATH=${CMAKE_PREFIX_PATH}:/home/rikverhoeven/Documents/coding/ROS_auto_robot/control_robot_test/serial_motor_demo_ws/install/serial_motor_demo:/home/rikverhoeven/Documents/coding/ROS_auto_robot/ros2_01_ws/install/py_srvcli:/home/rikverhoeven/Documents/coding/ROS_auto_robot/ros2_01_ws/install/py_pubsub:/home/rikverhoeven/Documents/coding/ROS_auto_robot/ros2_01_ws/install/kimbo_control_dc_motor:/opt/ros/humble /usr/bin/cmake --build /home/rikverhoeven/Documents/coding/ROS_auto_robot/control_robot_test/serial_motor_demo_ws/build/serial_motor_msgs -- -j8 -l8
[0.153s] [35m[1mConsolidate compiler generated dependencies of target serial_motor_msgs__rosidl_generator_c[0m
[0.164s] [  1%] Built target serial_motor_msgs__cpp
[0.172s] [  3%] [32mBuilding C object CMakeFiles/serial_motor_msgs__rosidl_generator_c.dir/rosidl_generator_c/serial_motor_msgs/msg/detail/serial_log__functions.c.o[0m
[0.177s] [  3%] Built target ament_cmake_python_symlink_serial_motor_msgs
[0.186s] [35m[1mConsolidate compiler generated dependencies of target serial_motor_msgs__rosidl_typesupport_cpp[0m
[0.188s] [35m[1mConsolidate compiler generated dependencies of target serial_motor_msgs__rosidl_typesupport_fastrtps_cpp[0m
[0.191s] [35m[1mConsolidate compiler generated dependencies of target serial_motor_msgs__rosidl_typesupport_introspection_cpp[0m
[0.195s] In file included from [01m[K/home/rikverhoeven/Documents/coding/ROS_auto_robot/control_robot_test/serial_motor_demo_ws/build/serial_motor_msgs/rosidl_generator_c/serial_motor_msgs/msg/detail/serial_log__functions.h:19[m[K,
[0.196s]                  from [01m[K/home/rikverhoeven/Documents/coding/ROS_auto_robot/control_robot_test/serial_motor_demo_ws/build/serial_motor_msgs/rosidl_generator_c/serial_motor_msgs/msg/detail/serial_log__functions.c:4[m[K:
[0.196s] [01m[K/home/rikverhoeven/Documents/coding/ROS_auto_robot/control_robot_test/serial_motor_demo_ws/build/serial_motor_msgs/rosidl_generator_c/serial_motor_msgs/msg/detail/serial_log__struct.h:22:10:[m[K [01;31m[Kfatal error: [m[Kserial_motor_msgs/msg/detail/string__struct.h: No such file or directory
[0.196s]    22 | #include [01;31m[K"serial_motor_msgs/msg/detail/string__struct.h"[m[K
[0.196s]       |          [01;31m[K^~~~~~~~~~~~~~~~~~~~~~~~~~~~~~~~~~~~~~~~~~~~~~~[m[K
[0.197s] compilation terminated.
[0.197s] gmake[2]: *** [CMakeFiles/serial_motor_msgs__rosidl_generator_c.dir/build.make:195: CMakeFiles/serial_motor_msgs__rosidl_generator_c.dir/rosidl_generator_c/serial_motor_msgs/msg/detail/serial_log__functions.c.o] Error 1
[0.197s] gmake[1]: *** [CMakeFiles/Makefile2:213: CMakeFiles/serial_motor_msgs__rosidl_generator_c.dir/all] Error 2
[0.197s] gmake[1]: *** Waiting for unfinished jobs....
[0.212s] [  5%] [32mBuilding CXX object CMakeFiles/serial_motor_msgs__rosidl_typesupport_cpp.dir/rosidl_typesupport_cpp/serial_motor_msgs/msg/serial_log__type_support.cpp.o[0m
[0.222s] [  7%] [32mBuilding CXX object CMakeFiles/serial_motor_msgs__rosidl_typesupport_fastrtps_cpp.dir/rosidl_typesupport_fastrtps_cpp/serial_motor_msgs/msg/detail/dds_fastrtps/serial_log__type_support.cpp.o[0m
[0.224s] [  9%] [32mBuilding CXX object CMakeFiles/serial_motor_msgs__rosidl_typesupport_introspection_cpp.dir/rosidl_typesupport_introspection_cpp/serial_motor_msgs/msg/detail/serial_log__type_support.cpp.o[0m
[0.333s] In file included from [01m[K/home/rikverhoeven/Documents/coding/ROS_auto_robot/control_robot_test/serial_motor_demo_ws/build/serial_motor_msgs/rosidl_typesupport_introspection_cpp/serial_motor_msgs/msg/detail/serial_log__type_support.cpp:12[m[K:
[0.334s] [01m[K/home/rikverhoeven/Documents/coding/ROS_auto_robot/control_robot_test/serial_motor_demo_ws/build/serial_motor_msgs/rosidl_generator_cpp/serial_motor_msgs/msg/detail/serial_log__struct.hpp:20:10:[m[K [01;31m[Kfatal error: [m[Kserial_motor_msgs/msg/detail/string__struct.hpp: No such file or directory
[0.334s]    20 | #include [01;31m[K"serial_motor_msgs/msg/detail/string__struct.hpp"[m[K
[0.334s]       |          [01;31m[K^~~~~~~~~~~~~~~~~~~~~~~~~~~~~~~~~~~~~~~~~~~~~~~~~[m[K
[0.334s] compilation terminated.
[0.336s] gmake[2]: *** [CMakeFiles/serial_motor_msgs__rosidl_typesupport_introspection_cpp.dir/build.make:154: CMakeFiles/serial_motor_msgs__rosidl_typesupport_introspection_cpp.dir/rosidl_typesupport_introspection_cpp/serial_motor_msgs/msg/detail/serial_log__type_support.cpp.o] Error 1
[0.336s] gmake[1]: *** [CMakeFiles/Makefile2:369: CMakeFiles/serial_motor_msgs__rosidl_typesupport_introspection_cpp.dir/all] Error 2
[0.337s] In file included from [01m[K/home/rikverhoeven/Documents/coding/ROS_auto_robot/control_robot_test/serial_motor_demo_ws/build/serial_motor_msgs/rosidl_typesupport_cpp/serial_motor_msgs/msg/serial_log__type_support.cpp:7[m[K:
[0.337s] [01m[K/home/rikverhoeven/Documents/coding/ROS_auto_robot/control_robot_test/serial_motor_demo_ws/build/serial_motor_msgs/rosidl_generator_cpp/serial_motor_msgs/msg/detail/serial_log__struct.hpp:20:10:[m[K [01;31m[Kfatal error: [m[Kserial_motor_msgs/msg/detail/string__struct.hpp: No such file or directory
[0.337s]    20 | #include [01;31m[K"serial_motor_msgs/msg/detail/string__struct.hpp"[m[K
[0.337s]       |          [01;31m[K^~~~~~~~~~~~~~~~~~~~~~~~~~~~~~~~~~~~~~~~~~~~~~~~~[m[K
[0.338s] compilation terminated.
[0.342s] gmake[2]: *** [CMakeFiles/serial_motor_msgs__rosidl_typesupport_cpp.dir/build.make:140: CMakeFiles/serial_motor_msgs__rosidl_typesupport_cpp.dir/rosidl_typesupport_cpp/serial_motor_msgs/msg/serial_log__type_support.cpp.o] Error 1
[0.342s] In file included from [01m[K/home/rikverhoeven/Documents/coding/ROS_auto_robot/control_robot_test/serial_motor_demo_ws/build/serial_motor_msgs/rosidl_typesupport_fastrtps_cpp/serial_motor_msgs/msg/detail/serial_log__rosidl_typesupport_fastrtps_cpp.hpp:11[m[K,
[0.343s]                  from [01m[K/home/rikverhoeven/Documents/coding/ROS_auto_robot/control_robot_test/serial_motor_demo_ws/build/serial_motor_msgs/rosidl_typesupport_fastrtps_cpp/serial_motor_msgs/msg/detail/dds_fastrtps/serial_log__type_support.cpp:4[m[K:
[0.343s] [01m[K/home/rikverhoeven/Documents/coding/ROS_auto_robot/control_robot_test/serial_motor_demo_ws/build/serial_motor_msgs/rosidl_generator_cpp/serial_motor_msgs/msg/detail/serial_log__struct.hpp:20:10:[m[K [01;31m[Kfatal error: [m[Kserial_motor_msgs/msg/detail/string__struct.hpp: No such file or directory
[0.343s]    20 | #include [01;31m[K"serial_motor_msgs/msg/detail/string__struct.hpp"[m[K
[0.343s]       |          [01;31m[K^~~~~~~~~~~~~~~~~~~~~~~~~~~~~~~~~~~~~~~~~~~~~~~~~[m[K
[0.344s] compilation terminated.
[0.344s] gmake[1]: *** [CMakeFiles/Makefile2:395: CMakeFiles/serial_motor_msgs__rosidl_typesupport_cpp.dir/all] Error 2
[0.344s] gmake[2]: *** [CMakeFiles/serial_motor_msgs__rosidl_typesupport_fastrtps_cpp.dir/build.make:154: CMakeFiles/serial_motor_msgs__rosidl_typesupport_fastrtps_cpp.dir/rosidl_typesupport_fastrtps_cpp/serial_motor_msgs/msg/detail/dds_fastrtps/serial_log__type_support.cpp.o] Error 1
[0.345s] gmake[1]: *** [CMakeFiles/Makefile2:343: CMakeFiles/serial_motor_msgs__rosidl_typesupport_fastrtps_cpp.dir/all] Error 2
[0.777s] running egg_info
[0.778s] writing serial_motor_msgs.egg-info/PKG-INFO
[0.779s] writing dependency_links to serial_motor_msgs.egg-info/dependency_links.txt
[0.779s] writing top-level names to serial_motor_msgs.egg-info/top_level.txt
[0.784s] reading manifest file 'serial_motor_msgs.egg-info/SOURCES.txt'
[0.786s] writing manifest file 'serial_motor_msgs.egg-info/SOURCES.txt'
[0.836s] [  9%] Built target ament_cmake_python_build_serial_motor_msgs_egg
[0.838s] gmake: *** [Makefile:146: all] Error 2
[0.841s] Invoked command in '/home/rikverhoeven/Documents/coding/ROS_auto_robot/control_robot_test/serial_motor_demo_ws/build/serial_motor_msgs' returned '2': CMAKE_PREFIX_PATH=${CMAKE_PREFIX_PATH}:/home/rikverhoeven/Documents/coding/ROS_auto_robot/control_robot_test/serial_motor_demo_ws/install/serial_motor_demo:/home/rikverhoeven/Documents/coding/ROS_auto_robot/ros2_01_ws/install/py_srvcli:/home/rikverhoeven/Documents/coding/ROS_auto_robot/ros2_01_ws/install/py_pubsub:/home/rikverhoeven/Documents/coding/ROS_auto_robot/ros2_01_ws/install/kimbo_control_dc_motor:/opt/ros/humble /usr/bin/cmake --build /home/rikverhoeven/Documents/coding/ROS_auto_robot/control_robot_test/serial_motor_demo_ws/build/serial_motor_msgs -- -j8 -l8
