Start testing: Jun 01 19:26 CEST
----------------------------------------------------------
Failed to change working directory to /home/rikverhoeven/Documents/coding/ROS_auto_robot/ros2_ws/src/src/examples/rclcpp/topics/minimal_subscriber : No such file or directory
1/6 Testing: copyright
1/6 Test: copyright
Command: ""
Directory: /home/rikverhoeven/Documents/coding/ROS_auto_robot/ros2_ws/src/src/examples/rclcpp/topics/minimal_subscriber
"copyright" start time: 
Output:
----------------------------------------------------------
<end of output>
Test time =   0.00 sec
----------------------------------------------------------
Test Passed.
"copyright" end time: Jun 01 19:26 CEST
"copyright" time elapsed: 00:00:00
----------------------------------------------------------

Failed to change working directory to /home/rikverhoeven/Documents/coding/ROS_auto_robot/ros2_ws/src/src/examples/rclcpp/topics/minimal_subscriber : No such file or directory
2/6 Testing: cppcheck
2/6 Test: cppcheck
Command: ""
Directory: /home/rikverhoeven/Documents/coding/ROS_auto_robot/ros2_ws/src/src/examples/rclcpp/topics/minimal_subscriber
"cppcheck" start time: 
Output:
----------------------------------------------------------
<end of output>
Test time =   0.00 sec
----------------------------------------------------------
Test Passed.
"cppcheck" end time: Jun 01 19:26 CEST
"cppcheck" time elapsed: 00:00:00
----------------------------------------------------------

Failed to change working directory to /home/rikverhoeven/Documents/coding/ROS_auto_robot/ros2_ws/src/src/examples/rclcpp/topics/minimal_subscriber : No such file or directory
3/6 Testing: cpplint
3/6 Test: cpplint
Command: ""
Directory: /home/rikverhoeven/Documents/coding/ROS_auto_robot/ros2_ws/src/src/examples/rclcpp/topics/minimal_subscriber
"cpplint" start time: 
Output:
----------------------------------------------------------
<end of output>
Test time =   0.00 sec
----------------------------------------------------------
Test Passed.
"cpplint" end time: Jun 01 19:26 CEST
"cpplint" time elapsed: 00:00:00
----------------------------------------------------------

Failed to change working directory to /home/rikverhoeven/Documents/coding/ROS_auto_robot/ros2_ws/src/src/examples/rclcpp/topics/minimal_subscriber : No such file or directory
4/6 Testing: lint_cmake
4/6 Test: lint_cmake
Command: ""
Directory: /home/rikverhoeven/Documents/coding/ROS_auto_robot/ros2_ws/src/src/examples/rclcpp/topics/minimal_subscriber
"lint_cmake" start time: 
Output:
----------------------------------------------------------
<end of output>
Test time =   0.00 sec
----------------------------------------------------------
Test Passed.
"lint_cmake" end time: Jun 01 19:26 CEST
"lint_cmake" time elapsed: 00:00:00
----------------------------------------------------------

Failed to change working directory to /home/rikverhoeven/Documents/coding/ROS_auto_robot/ros2_ws/src/src/examples/rclcpp/topics/minimal_subscriber : No such file or directory
5/6 Testing: uncrustify
5/6 Test: uncrustify
Command: ""
Directory: /home/rikverhoeven/Documents/coding/ROS_auto_robot/ros2_ws/src/src/examples/rclcpp/topics/minimal_subscriber
"uncrustify" start time: 
Output:
----------------------------------------------------------
<end of output>
Test time =   0.00 sec
----------------------------------------------------------
Test Passed.
"uncrustify" end time: Jun 01 19:26 CEST
"uncrustify" time elapsed: 00:00:00
----------------------------------------------------------

Failed to change working directory to /home/rikverhoeven/Documents/coding/ROS_auto_robot/ros2_ws/src/src/examples/rclcpp/topics/minimal_subscriber : No such file or directory
6/6 Testing: xmllint
6/6 Test: xmllint
Command: ""
Directory: /home/rikverhoeven/Documents/coding/ROS_auto_robot/ros2_ws/src/src/examples/rclcpp/topics/minimal_subscriber
"xmllint" start time: 
Output:
----------------------------------------------------------
<end of output>
Test time =   0.00 sec
----------------------------------------------------------
Test Passed.
"xmllint" end time: Jun 01 19:26 CEST
"xmllint" time elapsed: 00:00:00
----------------------------------------------------------

End testing: Jun 01 19:26 CEST

copyright =   0.00 sec*proc

cppcheck =   0.00 sec*proc

cpplint =   0.00 sec*proc

lint_cmake =   0.00 sec*proc

linter =   0.00 sec*proc

uncrustify =   0.00 sec*proc

xmllint =   0.00 sec*proc

